build/app/outputs/mapping/release/mapping.txt
# compiler: R8
# compiler_version: 1.5.64
# min_api: 23
# pg_map_id: 6924889
...
com.google.android.gms.common.util.DeviceProperties -> com.google.android.gms.common.util.g:
    java.lang.Boolean zzgr -> c
    java.lang.Boolean zzgo -> a
    java.lang.Boolean zzgp -> b
    boolean isSidewinder(android.content.Context) -> a
    boolean isWearable(android.content.Context) -> b
    boolean isWearableWithoutPlayStore(android.content.Context) -> c
    boolean zzf(android.content.Context) -> d
com.google.android.gms.common.util.IOUtils -> com.google.android.gms.common.util.h:
    void closeQuietly(java.io.Closeable) -> a
com.google.android.gms.common.util.PlatformVersion -> com.google.android.gms.common.util.i:
    boolean isAtLeastIceCreamSandwich() -> a
    boolean isAtLeastIceCreamSandwichMR1() -> b
    boolean isAtLeastJellyBean() -> c
    boolean isAtLeastJellyBeanMR2() -> d
    boolean isAtLeastKitKatWatch() -> e
    boolean isAtLeastLollipop() -> f
    boolean isAtLeastN() -> g
    boolean isAtLeastO() -> h
com.google.android.gms.common.util.ProcessUtils -> com.google.android.gms.common.util.j:
    java.lang.String zzhe -> a
    int zzhf -> b
    java.lang.String getMyProcessName() -> a
    java.lang.String zzd(int) -> a
    java.io.BufferedReader zzj(java.lang.String) -> a
com.google.android.gms.common.util.Strings -> com.google.android.gms.common.util.k:
    java.lang.String emptyToNull(java.lang.String) -> a
    boolean isEmptyOrWhitespace(java.lang.String) -> b
com.google.android.gms.common.util.zzb -> com.google.android.gms.common.util.l:
    int zzc(int) -> a
com.google.android.gms.common.util.zzc -> com.google.android.gms.common.util.m:
    boolean isMainThread() -> a
com.google.android.gms.common.wrappers.PackageManagerWrapper -> c.a.a.a.b.m.a:
    android.content.Context zzhw -> a
    android.content.pm.ApplicationInfo getApplicationInfo(java.lang.String,int) -> a
    java.lang.CharSequence getApplicationLabel(java.lang.String) -> a
    android.content.pm.PackageInfo getPackageInfo(java.lang.String,int) -> b
com.google.android.gms.common.wrappers.Wrappers -> c.a.a.a.b.m.b:
    com.google.android.gms.common.wrappers.Wrappers zzhy -> b
    com.google.android.gms.common.wrappers.PackageManagerWrapper zzhx -> a
    com.google.android.gms.common.wrappers.PackageManagerWrapper packageManager(android.content.Context) -> a
    com.google.android.gms.common.wrappers.PackageManagerWrapper zzi(android.content.Context) -> b
com.google.android.gms.common.zza -> c.a.a.a.b.n:
com.google.android.gms.common.zzb -> c.a.a.a.b.o:
com.google.android.gms.common.zzc -> c.a.a.a.b.p:
    android.content.Context zzp -> a
    void zza(android.content.Context) -> a
com.google.android.gms.common.zze -> c.a.a.a.b.q:
    int zzt -> a
    byte[] zza(java.lang.String) -> d
    com.google.android.gms.dynamic.IObjectWrapper zzb() -> f
    int zzc() -> i
    byte[] getBytes() -> j
com.google.android.gms.common.zzf -> c.a.a.a.b.r:
    byte[] zzu -> b
    byte[] getBytes() -> j
com.google.android.gms.common.zzg -> c.a.a.a.b.s:
    java.lang.ref.WeakReference zzw -> c
    java.lang.ref.WeakReference zzv -> b
    byte[] getBytes() -> j
    byte[] zzd() -> k
com.google.android.gms.common.zzh -> c.a.a.a.b.t:
    com.google.android.gms.common.zze[] zzx -> a
com.google.android.gms.common.zzi -> c.a.a.a.b.u:
    byte[] zzd() -> k
com.google.android.gms.common.zzj -> c.a.a.a.b.v:
    byte[] zzd() -> k
com.google.android.gms.dynamic.IObjectWrapper -> c.a.a.a.c.a:
com.google.android.gms.dynamic.IObjectWrapper$Stub -> c.a.a.a.c.a$a:
    com.google.android.gms.dynamic.IObjectWrapper asInterface(android.os.IBinder) -> a
com.google.android.gms.dynamic.IObjectWrapper$Stub$zza -> c.a.a.a.c.a$a$a:
com.google.android.gms.dynamic.ObjectWrapper -> c.a.a.a.c.b:
    java.lang.Object zzia -> a
    java.lang.Object unwrap(com.google.android.gms.dynamic.IObjectWrapper) -> a
    com.google.android.gms.dynamic.IObjectWrapper wrap(java.lang.Object) -> a